{"level":"error","message":"No se encontraron datos."}
{"level":"error","message":"No se encontraron datos para AnioLectivo."}
{"level":"error","message":"No se encontraron datos para AnioLectivo."}
{"level":"error","message":"No se encontraron datos para AnioLectivo."}
{"level":"error","message":"No se encontraron datos para AnioLectivo."}
{"level":"error","message":"No se encontraron datos para AnioLectivo."}
{"level":"error","message":"No se encontraron datos para AnioLectivo."}
{"level":"error","message":"No se encontraron datos para AnioLectivo."}
{"level":"error","message":"No se encontraron datos para AnioLectivo."}
{"level":"error","message":"No se encontraron datos para AnioLectivo."}
{"level":"error","message":"No se encontraron datos para AnioLectivo."}
{"level":"error","message":"No se encontraron datos para AnioLectivo."}
{"level":"error","message":"No se encontraron datos para AnioLectivo."}
{"level":"error","message":"No se encontraron datos para AnioLectivo."}
{"level":"error","message":"No se encontraron datos para AnioLectivo."}
{"level":"error","message":"No se encontraron datos para AnioLectivo."}
{"level":"error","message":"No se encontraron datos para AnioLectivo."}
{"level":"error","message":"No se encontraron datos para AnioLectivo."}
{"level":"error","message":"No se encontraron datos para AnioLectivo."}
{"level":"error","message":"No se encontraron datos para ProfesorAsignaturaParalelo."}
{"level":"error","message":"No se encontraron datos para AnioLectivo."}
{"level":"error","message":"No se encontraron datos para AnioLectivo."}
{"level":"error","message":"No se encontraron datos para ProfesorAsignaturaParalelo."}
{"level":"error","message":"No se encontraron datos para AnioLectivo."}
{"level":"error","message":"No se encontraron datos para AnioLectivo."}
{"level":"error","message":"No se encontraron datos para AnioLectivo."}
{"level":"error","message":"No se encontraron datos para ProfesorAsignaturaParalelo."}
{"level":"error","message":"No se encontraron datos para AnioLectivo."}
{"level":"error","message":"No se encontraron datos para AnioLectivo."}
{"level":"error","message":"No se encontraron datos para ProfesorAsignaturaParalelo."}
{"level":"error","message":"No se encontraron datos para AnioLectivo."}
{"level":"error","message":"No se encontraron datos para AnioLectivo."}
{"level":"error","message":"No se encontraron datos para ProfesorAsignaturaParalelo."}
{"level":"error","message":"No se encontraron datos para AnioLectivo."}
{"level":"error","message":"No se encontraron datos para AnioLectivo."}
{"level":"error","message":"No se encontraron datos para AnioLectivo."}
{"level":"error","message":"No se encontraron datos para AnioLectivo."}
{"level":"error","message":"No se encontraron datos para AnioLectivo."}
{"level":"error","message":"No se encontraron datos para AnioLectivo."}
{"level":"error","message":"No se encontraron datos para EstudianteCurso."}
{"level":"error","message":"No se encontraron datos para EstudianteCurso."}
{"level":"error","message":"No se encontraron datos para AnioLectivo."}
{"level":"error","message":"No se encontraron datos para ProfesorAsignaturaParalelo."}
{"level":"error","message":"No se encontraron datos para AnioLectivo."}
{"level":"error","message":"No se encontraron datos para AnioLectivo."}
{"level":"error","message":"No se encontraron datos para EstudianteCurso."}
{"level":"error","message":"No se encontraron datos para AnioLectivo."}
{"level":"error","message":"No se encontraron datos para EstudianteCurso."}
{"level":"error","message":"No se encontraron datos para AnioLectivo."}
{"level":"error","message":"No se encontraron datos para EstudianteCurso."}
{"level":"error","message":"No se encontraron datos para AnioLectivo."}
{"level":"error","message":"No se encontraron datos para EstudianteCurso."}
{"level":"error","message":"No se encontraron datos para AnioLectivo."}
{"level":"error","message":"No se encontraron datos para EstudianteCurso."}
{"level":"error","message":"No se encontraron datos para AnioLectivo."}
{"level":"error","message":"No se encontraron datos para EstudianteCurso."}
{"level":"error","message":"No se encontraron datos para AnioLectivo."}
{"level":"error","message":"No se encontraron datos para EstudianteCurso."}
{"level":"error","message":"No se encontraron datos para AnioLectivo."}
{"level":"error","message":"No se encontraron datos para EstudianteCurso."}
{"level":"error","message":"No se encontraron datos para AnioLectivo."}
{"level":"error","message":"No se encontraron datos para EstudianteCurso."}
{"level":"error","message":"No se encontraron datos para AnioLectivo."}
{"level":"error","message":"No se encontraron datos para EstudianteCurso."}
{"level":"error","message":"No se encontraron datos para AnioLectivo."}
{"level":"error","message":"No se encontraron datos para EstudianteCurso."}
{"level":"error","message":"No se encontraron datos para AnioLectivo."}
{"level":"error","message":"No se encontraron datos para EstudianteCurso."}
{"level":"error","message":"No se encontraron datos para AnioLectivo."}
{"level":"error","message":"No se encontraron datos para EstudianteCurso."}
{"level":"error","message":"No se encontraron datos para AnioLectivo."}
{"level":"error","message":"No se encontraron datos para ProfesorAsignaturaParalelo."}
{"level":"error","message":"No se encontraron datos para AnioLectivo."}
{"level":"error","message":"No se encontraron datos para AnioLectivo."}
{"level":"error","message":"No se encontraron datos para ProfesorAsignaturaParalelo."}
{"level":"error","message":"No se encontraron datos para AnioLectivo."}
{"level":"error","message":"No se encontraron datos para AnioLectivo."}
{"level":"error","message":"No se encontraron datos para ProfesorAsignaturaParalelo."}
{"level":"error","message":"No se encontraron datos para AnioLectivo."}
{"level":"error","message":"No se encontraron datos para AnioLectivo."}
{"level":"error","message":"No se encontraron datos para AnioLectivo."}
{"level":"error","message":"No se encontraron datos para ProfesorAsignaturaParalelo."}
{"level":"error","message":"No se encontraron datos para AnioLectivo."}
{"level":"error","message":"No se encontraron datos para AnioLectivo."}
{"level":"error","message":"No se encontraron datos para ProfesorAsignaturaParalelo."}
{"level":"error","message":"No se encontraron datos para AnioLectivo."}
{"level":"error","message":"No se encontraron datos para ProfesorAsignaturaParalelo."}
{"level":"error","message":"No se encontraron datos para AnioLectivo."}
{"level":"error","message":"No se encontraron datos para AnioLectivo."}
{"level":"error","message":"No se encontraron datos para AnioLectivo."}
{"level":"error","message":"No se encontraron datos para AnioLectivo."}
{"level":"error","message":"No se encontraron datos para ProfesorAsignaturaParalelo."}
{"level":"error","message":"No se encontraron datos para AnioLectivo."}
{"level":"error","message":"No se encontraron datos para AnioLectivo."}
{"level":"error","message":"No se encontraron datos para ProfesorAsignaturaParalelo."}
{"level":"error","message":"No se encontraron datos para AnioLectivo."}
{"level":"error","message":"No se encontraron datos para ProfesorAsignaturaParalelo."}
{"level":"error","message":"No se encontraron datos para AnioLectivo."}
{"level":"error","message":"No se encontraron datos para EstudianteCurso."}
{"level":"error","message":"No se encontraron datos para AnioLectivo."}
{"level":"error","message":"No se encontraron datos para ProfesorAsignaturaParalelo."}
{"level":"error","message":"No se encontraron datos para AnioLectivo."}
{"level":"error","message":"No se encontraron datos para AnioLectivo."}
{"level":"error","message":"No se encontraron datos para ProfesorAsignaturaParalelo."}
{"level":"error","message":"No se encontraron datos para AnioLectivo."}
{"level":"error","message":"No se encontraron datos para AnioLectivo."}
{"level":"error","message":"No se encontraron datos para ProfesorAsignaturaParalelo."}
{"level":"error","message":"No se encontraron datos para AnioLectivo."}
{"level":"error","message":"No se encontraron datos para AnioLectivo."}
{"level":"error","message":"No se encontraron datos para ProfesorAsignaturaParalelo."}
{"level":"error","message":"No se encontraron datos para AnioLectivo."}
{"level":"error","message":"No se encontraron datos para AnioLectivo."}
{"level":"error","message":"No se encontraron datos para ProfesorAsignaturaParalelo."}
{"level":"error","message":"No se encontraron datos para AnioLectivo."}
{"level":"error","message":"No se encontraron datos para AnioLectivo."}
{"level":"error","message":"No se encontraron datos para ProfesorAsignaturaParalelo."}
{"level":"error","message":"No se encontraron datos para AnioLectivo."}
{"level":"error","message":"No se encontraron datos para AnioLectivo."}
{"level":"error","message":"No se encontraron datos para ProfesorAsignaturaParalelo."}
{"level":"error","message":"No se encontraron datos para AnioLectivo."}
{"level":"error","message":"No se encontraron datos para AnioLectivo."}
{"level":"error","message":"No se encontraron datos para ProfesorAsignaturaParalelo."}
{"level":"error","message":"No se encontraron datos para AnioLectivo."}
{"level":"error","message":"No se encontraron datos para AnioLectivo."}
{"level":"error","message":"No se encontraron datos para ProfesorAsignaturaParalelo."}
{"level":"error","message":"No se encontraron datos para AnioLectivo."}
{"level":"error","message":"No se encontraron datos para AnioLectivo."}
{"level":"error","message":"No se encontraron datos para ProfesorAsignaturaParalelo."}
{"level":"error","message":"No se encontraron datos para AnioLectivo."}
{"level":"error","message":"No se encontraron datos para AnioLectivo."}
{"level":"error","message":"No se encontraron datos para AnioLectivo."}
{"level":"error","message":"No se encontraron datos para ProfesorAsignaturaParalelo."}
{"level":"error","message":"No se encontraron datos para AnioLectivo."}
{"level":"error","message":"No se encontraron datos para AnioLectivo."}
{"level":"error","message":"No se encontraron datos para EstudianteCurso."}
{"level":"error","message":"Duplicate entry 'Sierra 2023-2024' for key 'AL_NOM'"}
{"level":"error","message":"No se encontraron datos para ProfesorAsignaturaParalelo."}
{"level":"error","message":"No se encontraron datos para AnioLectivo."}
{"level":"error","message":"No se encontraron datos para AnioLectivo."}
{"level":"error","message":"No se encontraron datos para EstudianteCurso."}
{"level":"error","message":"No se encontraron datos para ProfesorAsignaturaParalelo."}
{"level":"error","message":"No se encontraron datos para AnioLectivo."}
{"level":"error","message":"No se encontraron datos para AnioLectivo."}
{"level":"error","message":"No se encontraron datos para ProfesorAsignaturaParalelo."}
{"level":"error","message":"No se encontraron datos para AnioLectivo."}
{"level":"error","message":"No se encontraron datos para AnioLectivo."}
{"level":"error","message":"No se encontraron datos para AnioLectivo."}
{"level":"error","message":"No se encontraron datos para ProfesorAsignaturaParalelo."}
{"level":"error","message":"No se encontraron datos para AnioLectivo."}
{"level":"error","message":"No se encontraron datos para AnioLectivo."}
{"level":"error","message":"No se encontraron datos para ProfesorAsignaturaParalelo."}
{"level":"error","message":"No se encontraron datos para AnioLectivo."}
{"level":"error","message":"No se encontraron datos para ProfesorAsignaturaParalelo."}
{"level":"error","message":"No se encontraron datos para AnioLectivo."}
{"level":"error","message":"No se encontraron datos para AnioLectivo."}
{"level":"error","message":"No se encontraron datos para AnioLectivo."}
{"level":"error","message":"No se encontraron datos para ProfesorAsignaturaParalelo."}
{"level":"error","message":"No se encontraron datos para AnioLectivo."}
{"level":"error","message":"No se encontraron datos para EstudianteCurso."}
{"level":"error","message":"No se encontraron datos para AnioLectivo."}
{"level":"error","message":"No se encontraron datos para AnioLectivo."}
{"level":"error","message":"No se encontraron datos para AnioLectivo."}
{"level":"error","message":"No se encontraron datos para ProfesorAsignaturaParalelo."}
{"level":"error","message":"No se encontraron datos para AnioLectivo."}
{"level":"error","message":"No se encontraron datos para AnioLectivo."}
{"level":"error","message":"No se encontraron datos para ProfesorAsignaturaParalelo."}
{"level":"error","message":"No se encontraron datos para AnioLectivo."}
{"level":"error","message":"No se encontraron datos para AnioLectivo."}
{"level":"error","message":"No se encontraron datos para ProfesorAsignaturaParalelo."}
{"level":"error","message":"No se encontraron datos para AnioLectivo."}
{"level":"error","message":"No se encontraron datos para ProfesorAsignaturaParalelo."}
{"level":"error","message":"Objeto de tipo UsuarioProfesor no encontrado"}
{"level":"error","message":"No se encontraron datos para ProfesorAsignaturaParalelo."}
{"level":"error","message":"No se encontraron datos para ProfesorAsignaturaParalelo."}
{"level":"error","message":"No se encontraron datos para ProfesorAsignaturaParalelo."}
{"level":"error","message":"No se encontraron datos para EstudianteCurso."}
{"level":"error","message":"No se encontraron datos para ProfesorAsignaturaParalelo."}
{"level":"error","message":"No se encontraron datos para ProfesorAsignaturaParalelo."}
{"level":"error","message":"No se encontraron datos para ProfesorAsignaturaParalelo."}
{"level":"error","message":"No se encontraron datos para EstudianteCurso."}
{"level":"error","message":"No se encontraron datos para EstudianteCurso."}
